<?xml version="1.0" encoding="UTF-8"?>
<Site BuildName="(empty)"
	BuildStamp="20240710-0413-Experimental"
	Name="dji"
	Generator="ctest-3.22.1"
	CompilerName="/usr/bin/c++"
	CompilerVersion="11.4.0"
	OSName="Linux"
	Hostname="dji"
	OSRelease="5.15.0-113-generic"
	OSVersion="#123-Ubuntu SMP Mon Jun 10 08:16:17 UTC 2024"
	OSPlatform="x86_64"
	Is64Bits="1"
	VendorString="GenuineIntel"
	VendorID="Intel Corporation"
	FamilyID="6"
	ModelID="140"
	ProcessorCacheSize="12288"
	NumberOfLogicalCPU="8"
	NumberOfPhysicalCPU="4"
	TotalVirtualMemory="2047"
	TotalPhysicalMemory="15613"
	LogicalProcessorsPerPhysical="2"
	ProcessorClockFrequency="4100"
	>
	<Testing>
		<StartDateTime>Jul 10 12:13 +08</StartDateTime>
		<StartTestTime>1720584781</StartTestTime>
		<TestList/>
		<EndDateTime>Jul 10 12:13 +08</EndDateTime>
		<EndTestTime>1720584781</EndTestTime>
		<ElapsedMinutes>0</ElapsedMinutes>
	</Testing>
</Site>
